<?xml version="1.0" encoding="UTF-8"?>
<testsuite xmlns:xsi="http://www.w3.org/2001/XMLSchema-instance" xsi:noNamespaceSchemaLocation="https://maven.apache.org/surefire/maven-surefire-plugin/xsd/surefire-test-report.xsd" name="com.maroon.mixology.MixologyApplicationTests" time="5.231" tests="1" errors="1" skipped="0" failures="0">
  <properties>
[...]
</properties>
  <testcase name="contextLoads" classname="com.maroon.mixology.MixologyApplicationTests" time="0.006">
    <error message="Failed to load ApplicationContext" type="java.lang.IllegalStateException">java.lang.IllegalStateException: Failed to load ApplicationContext
Caused by: java.lang.IllegalStateException: Failed to execute CommandLineRunner
Caused by: org.springframework.dao.DuplicateKeyException: E11000 duplicate key error collection: mixology-mongodb.role index: users.firstName dup key: { : null }; nested exception is com.mongodb.MongoWriteException: E11000 duplicate key error collection: mixology-mongodb.role index: users.firstName dup key: { : null }
Caused by: com.mongodb.MongoWriteException: E11000 duplicate key error collection: mixology-mongodb.role index: users.firstName dup key: { : null }
</error>
    <system-out><![CDATA[13:02:02.534 [main] DEBUG org.springframework.test.context.junit4.SpringJUnit4ClassRunner - SpringJUnit4ClassRunner constructor called with [class com.maroon.mixology.MixologyApplicationTests]
13:02:02.540 [main] DEBUG org.springframework.test.context.BootstrapUtils - Instantiating CacheAwareContextLoaderDelegate from class [org.springframework.test.context.cache.DefaultCacheAwareContextLoaderDelegate]
13:02:02.553 [main] DEBUG org.springframework.test.context.BootstrapUtils - Instantiating BootstrapContext using constructor [public org.springframework.test.context.support.DefaultBootstrapContext(java.lang.Class,org.springframework.test.context.CacheAwareContextLoaderDelegate)]
13:02:02.591 [main] DEBUG org.springframework.test.context.BootstrapUtils - Instantiating TestContextBootstrapper for test class [com.maroon.mixology.MixologyApplicationTests] from class [org.springframework.boot.test.context.SpringBootTestContextBootstrapper]
13:02:02.605 [main] INFO org.springframework.boot.test.context.SpringBootTestContextBootstrapper - Neither @ContextConfiguration nor @ContextHierarchy found for test class [com.maroon.mixology.MixologyApplicationTests], using SpringBootContextLoader
13:02:02.611 [main] DEBUG org.springframework.test.context.support.AbstractContextLoader - Did not detect default resource location for test class [com.maroon.mixology.MixologyApplicationTests]: class path resource [com/maroon/mixology/MixologyApplicationTests-context.xml] does not exist
13:02:02.614 [main] DEBUG org.springframework.test.context.support.AbstractContextLoader - Did not detect default resource location for test class [com.maroon.mixology.MixologyApplicationTests]: class path resource [com/maroon/mixology/MixologyApplicationTestsContext.groovy] does not exist
13:02:02.615 [main] INFO org.springframework.test.context.support.AbstractContextLoader - Could not detect default resource locations for test class [com.maroon.mixology.MixologyApplicationTests]: no resource found for suffixes {-context.xml, Context.groovy}.
13:02:02.617 [main] INFO org.springframework.test.context.support.AnnotationConfigContextLoaderUtils - Could not detect default configuration classes for test class [com.maroon.mixology.MixologyApplicationTests]: MixologyApplicationTests does not declare any static, non-private, non-final, nested classes annotated with @Configuration.
13:02:02.677 [main] DEBUG org.springframework.test.context.support.ActiveProfilesUtils - Could not find an 'annotation declaring class' for annotation type [org.springframework.test.context.ActiveProfiles] and class [com.maroon.mixology.MixologyApplicationTests]
13:02:02.769 [main] DEBUG org.springframework.context.annotation.ClassPathScanningCandidateComponentProvider - Identified candidate component class: file [/home/manny/Desktop/SBUCSCapstoneProject/target/classes/com/maroon/mixology/MixologyApplication.class]
13:02:02.770 [main] INFO org.springframework.boot.test.context.SpringBootTestContextBootstrapper - Found @SpringBootConfiguration com.maroon.mixology.MixologyApplication for test class com.maroon.mixology.MixologyApplicationTests
13:02:02.866 [main] DEBUG org.springframework.boot.test.context.SpringBootTestContextBootstrapper - @TestExecutionListeners is not present for class [com.maroon.mixology.MixologyApplicationTests]: using defaults.
13:02:02.867 [main] INFO org.springframework.boot.test.context.SpringBootTestContextBootstrapper - Loaded default TestExecutionListener class names from location [META-INF/spring.factories]: [org.springframework.boot.test.mock.mockito.MockitoTestExecutionListener, org.springframework.boot.test.mock.mockito.ResetMocksTestExecutionListener, org.springframework.boot.test.autoconfigure.restdocs.RestDocsTestExecutionListener, org.springframework.boot.test.autoconfigure.web.client.MockRestServiceServerResetTestExecutionListener, org.springframework.boot.test.autoconfigure.web.servlet.MockMvcPrintOnlyOnFailureTestExecutionListener, org.springframework.boot.test.autoconfigure.web.servlet.WebDriverTestExecutionListener, org.springframework.test.context.web.ServletTestExecutionListener, org.springframework.test.context.support.DirtiesContextBeforeModesTestExecutionListener, org.springframework.test.context.support.DependencyInjectionTestExecutionListener, org.springframework.test.context.support.DirtiesContextTestExecutionListener, org.springframework.test.context.transaction.TransactionalTestExecutionListener, org.springframework.test.context.jdbc.SqlScriptsTestExecutionListener, org.springframework.security.test.context.support.WithSecurityContextTestExecutionListener, org.springframework.security.test.context.support.ReactorContextTestExecutionListener]
13:02:02.884 [main] INFO org.springframework.boot.test.context.SpringBootTestContextBootstrapper - Using TestExecutionListeners: [org.springframework.test.context.web.ServletTestExecutionListener@957e06, org.springframework.test.context.support.DirtiesContextBeforeModesTestExecutionListener@32502377, org.springframework.boot.test.mock.mockito.MockitoTestExecutionListener@2c1b194a, org.springframework.boot.test.autoconfigure.SpringBootDependencyInjectionTestExecutionListener@4dbb42b7, org.springframework.test.context.support.DirtiesContextTestExecutionListener@66f57048, org.springframework.test.context.transaction.TransactionalTestExecutionListener@550dbc7a, org.springframework.test.context.jdbc.SqlScriptsTestExecutionListener@21282ed8, org.springframework.security.test.context.support.WithSecurityContextTestExecutionListener@36916eb0, org.springframework.security.test.context.support.ReactorContextTestExecutionListener@7bab3f1a, org.springframework.boot.test.mock.mockito.ResetMocksTestExecutionListener@437da279, org.springframework.boot.test.autoconfigure.restdocs.RestDocsTestExecutionListener@23c30a20, org.springframework.boot.test.autoconfigure.web.client.MockRestServiceServerResetTestExecutionListener@1e1a0406, org.springframework.boot.test.autoconfigure.web.servlet.MockMvcPrintOnlyOnFailureTestExecutionListener@3cebbb30, org.springframework.boot.test.autoconfigure.web.servlet.WebDriverTestExecutionListener@12aba8be]
13:02:02.887 [main] DEBUG org.springframework.test.annotation.ProfileValueUtils - Retrieved @ProfileValueSourceConfiguration [null] for test class [com.maroon.mixology.MixologyApplicationTests]
13:02:02.887 [main] DEBUG org.springframework.test.annotation.ProfileValueUtils - Retrieved ProfileValueSource type [class org.springframework.test.annotation.SystemProfileValueSource] for class [com.maroon.mixology.MixologyApplicationTests]
13:02:02.889 [main] DEBUG org.springframework.test.annotation.ProfileValueUtils - Retrieved @ProfileValueSourceConfiguration [null] for test class [com.maroon.mixology.MixologyApplicationTests]
13:02:02.889 [main] DEBUG org.springframework.test.annotation.ProfileValueUtils - Retrieved ProfileValueSource type [class org.springframework.test.annotation.SystemProfileValueSource] for class [com.maroon.mixology.MixologyApplicationTests]
13:02:02.890 [main] DEBUG org.springframework.test.annotation.ProfileValueUtils - Retrieved @ProfileValueSourceConfiguration [null] for test class [com.maroon.mixology.MixologyApplicationTests]
13:02:02.890 [main] DEBUG org.springframework.test.annotation.ProfileValueUtils - Retrieved ProfileValueSource type [class org.springframework.test.annotation.SystemProfileValueSource] for class [com.maroon.mixology.MixologyApplicationTests]
13:02:02.894 [main] DEBUG org.springframework.test.context.support.AbstractDirtiesContextTestExecutionListener - Before test class: context [DefaultTestContext@5a45133e testClass = MixologyApplicationTests, testInstance = [null], testMethod = [null], testException = [null], mergedContextConfiguration = [WebMergedContextConfiguration@534a5a98 testClass = MixologyApplicationTests, locations = '{}', classes = '{class com.maroon.mixology.MixologyApplication}', contextInitializerClasses = '[]', activeProfiles = '{}', propertySourceLocations = '{}', propertySourceProperties = '{org.springframework.boot.test.context.SpringBootTestContextBootstrapper=true}', contextCustomizers = set[org.springframework.boot.test.context.filter.ExcludeFilterContextCustomizer@2aa3cd93, org.springframework.boot.test.json.DuplicateJsonObjectContextCustomizerFactory$DuplicateJsonObjectContextCustomizer@290d210d, org.springframework.boot.test.mock.mockito.MockitoContextCustomizer@0, org.springframework.boot.test.web.client.TestRestTemplateContextCustomizer@2a32de6c, org.springframework.boot.test.autoconfigure.properties.PropertyMappingContextCustomizer@0, org.springframework.boot.test.autoconfigure.web.servlet.WebDriverContextCustomizerFactory$Customizer@27ae2fd0], resourceBasePath = 'src/main/webapp', contextLoader = 'org.springframework.boot.test.context.SpringBootContextLoader', parent = [null]], attributes = map['org.springframework.test.context.web.ServletTestExecutionListener.activateListener' -> true]], class annotated with @DirtiesContext [false] with mode [null].
13:02:02.895 [main] DEBUG org.springframework.test.annotation.ProfileValueUtils - Retrieved @ProfileValueSourceConfiguration [null] for test class [com.maroon.mixology.MixologyApplicationTests]
13:02:02.896 [main] DEBUG org.springframework.test.annotation.ProfileValueUtils - Retrieved ProfileValueSource type [class org.springframework.test.annotation.SystemProfileValueSource] for class [com.maroon.mixology.MixologyApplicationTests]
13:02:02.926 [main] DEBUG org.springframework.test.context.support.TestPropertySourceUtils - Adding inlined properties to environment: {spring.jmx.enabled=false, org.springframework.boot.test.context.SpringBootTestContextBootstrapper=true, server.port=-1}

  .   ____          _            __ _ _
 /\\ / ___'_ __ _ _(_)_ __  __ _ \ \ \ \
( ( )\___ | '_ | '_| | '_ \/ _` | \ \ \ \
 \\/  ___)| |_)| | | | | || (_| |  ) ) ) )
  '  |____| .__|_| |_|_| |_\__, | / / / /
 =========|_|==============|___/=/_/_/_/
 :: Spring Boot ::        (v2.1.9.RELEASE)

2019-10-20 13:02:03.464  INFO 13482 --- [           main] c.m.mixology.MixologyApplicationTests    : Starting MixologyApplicationTests on manny-Aspire-E5-575G with PID 13482 (started by manny in /home/manny/Desktop/SBUCSCapstoneProject)
2019-10-20 13:02:03.468  INFO 13482 --- [           main] c.m.mixology.MixologyApplicationTests    : No active profile set, falling back to default profiles: default
2019-10-20 13:02:04.556  INFO 13482 --- [           main] .s.d.r.c.RepositoryConfigurationDelegate : Bootstrapping Spring Data repositories in DEFAULT mode.
2019-10-20 13:02:04.642  INFO 13482 --- [           main] .s.d.r.c.RepositoryConfigurationDelegate : Finished Spring Data repository scanning in 80ms. Found 2 repository interfaces.
2019-10-20 13:02:05.567  INFO 13482 --- [           main] org.mongodb.driver.cluster               : Cluster created with settings {hosts=[localhost:27017], mode=MULTIPLE, requiredClusterType=UNKNOWN, serverSelectionTimeout='30000 ms', maxWaitQueueSize=500}
2019-10-20 13:02:05.567  INFO 13482 --- [           main] org.mongodb.driver.cluster               : Adding discovered server localhost:27017 to client view of cluster
2019-10-20 13:02:05.654  INFO 13482 --- [localhost:27017] org.mongodb.driver.connection            : Opened connection [connectionId{localValue:1, serverValue:95}] to localhost:27017
2019-10-20 13:02:05.658  INFO 13482 --- [localhost:27017] org.mongodb.driver.cluster               : Monitor thread successfully connected to server with description ServerDescription{address=localhost:27017, type=STANDALONE, state=CONNECTED, ok=true, version=ServerVersion{versionList=[3, 6, 3]}, minWireVersion=0, maxWireVersion=6, maxDocumentSize=16777216, logicalSessionTimeoutMinutes=30, roundTripTimeNanos=2737696}
2019-10-20 13:02:05.661  INFO 13482 --- [localhost:27017] org.mongodb.driver.cluster               : Discovered cluster type of STANDALONE
2019-10-20 13:02:05.708  WARN 13482 --- [           main] o.s.data.convert.CustomConversions       : Registering converter from class java.time.LocalDateTime to class java.time.Instant as reading converter although it doesn't convert from a store-supported type! You might wanna check you annotation setup at the converter implementation.
2019-10-20 13:02:05.709  WARN 13482 --- [           main] o.s.data.convert.CustomConversions       : Registering converter from class java.time.Instant to class java.time.LocalDateTime as reading converter although it doesn't convert from a store-supported type! You might wanna check you annotation setup at the converter implementation.
2019-10-20 13:02:05.834  WARN 13482 --- [           main] o.s.data.convert.CustomConversions       : Registering converter from class java.time.LocalDateTime to class java.time.Instant as reading converter although it doesn't convert from a store-supported type! You might wanna check you annotation setup at the converter implementation.
2019-10-20 13:02:05.834  WARN 13482 --- [           main] o.s.data.convert.CustomConversions       : Registering converter from class java.time.Instant to class java.time.LocalDateTime as reading converter although it doesn't convert from a store-supported type! You might wanna check you annotation setup at the converter implementation.
2019-10-20 13:02:05.944  INFO 13482 --- [           main] org.mongodb.driver.connection            : Opened connection [connectionId{localValue:2, serverValue:96}] to localhost:27017
2019-10-20 13:02:06.342  INFO 13482 --- [           main] o.s.s.web.DefaultSecurityFilterChain     : Creating filter chain: Ant [pattern='/resources/**'], []
2019-10-20 13:02:06.342  INFO 13482 --- [           main] o.s.s.web.DefaultSecurityFilterChain     : Creating filter chain: Ant [pattern='/static/**'], []
2019-10-20 13:02:06.342  INFO 13482 --- [           main] o.s.s.web.DefaultSecurityFilterChain     : Creating filter chain: Ant [pattern='/images/**'], []
2019-10-20 13:02:06.343  INFO 13482 --- [           main] o.s.s.web.DefaultSecurityFilterChain     : Creating filter chain: Ant [pattern='/assets/**'], []
2019-10-20 13:02:06.343  INFO 13482 --- [           main] o.s.s.web.DefaultSecurityFilterChain     : Creating filter chain: Ant [pattern='/js/**'], []
2019-10-20 13:02:06.345  INFO 13482 --- [           main] o.s.s.web.DefaultSecurityFilterChain     : Creating filter chain: Ant [pattern='/css/**'], []
2019-10-20 13:02:06.444  INFO 13482 --- [           main] o.s.s.web.DefaultSecurityFilterChain     : Creating filter chain: any request, [org.springframework.security.web.context.request.async.WebAsyncManagerIntegrationFilter@49c099b, org.springframework.security.web.context.SecurityContextPersistenceFilter@2e71240b, org.springframework.security.web.header.HeaderWriterFilter@69a024a0, org.springframework.security.web.csrf.CsrfFilter@359066bc, org.springframework.security.web.authentication.logout.LogoutFilter@2ce03e86, org.springframework.security.web.authentication.UsernamePasswordAuthenticationFilter@d54d0f5, org.springframework.security.web.savedrequest.RequestCacheAwareFilter@3e900e1a, org.springframework.security.web.servletapi.SecurityContextHolderAwareRequestFilter@43471a7e, org.springframework.security.web.authentication.AnonymousAuthenticationFilter@3d9f0a5, org.springframework.security.web.session.SessionManagementFilter@2d7637e6, org.springframework.security.web.access.ExceptionTranslationFilter@2a4f8009, org.springframework.security.web.access.intercept.FilterSecurityInterceptor@740dcae3]
2019-10-20 13:02:07.004  INFO 13482 --- [           main] o.s.s.concurrent.ThreadPoolTaskExecutor  : Initializing ExecutorService 'applicationTaskExecutor'
2019-10-20 13:02:07.098  INFO 13482 --- [           main] o.s.b.a.w.s.WelcomePageHandlerMapping    : Adding welcome page template: index
2019-10-20 13:02:07.183  WARN 13482 --- [           main] org.thymeleaf.templatemode.TemplateMode  : [THYMELEAF][main] Template Mode 'LEGACYHTML5' is deprecated. Using Template Mode 'HTML' instead.
2019-10-20 13:02:07.400  INFO 13482 --- [           main] c.m.mixology.MixologyApplicationTests    : Started MixologyApplicationTests in 4.46 seconds (JVM running for 5.453)
2019-10-20 13:02:07.489  INFO 13482 --- [           main] ConditionEvaluationReportLoggingListener : 

Error starting ApplicationContext. To display the conditions report re-run your application with 'debug' enabled.
2019-10-20 13:02:07.494 ERROR 13482 --- [           main] o.s.boot.SpringApplication               : Application run failed

java.lang.IllegalStateException: Failed to execute CommandLineRunner
	at org.springframework.boot.SpringApplication.callRunner(SpringApplication.java:784) ~[spring-boot-2.1.9.RELEASE.jar:2.1.9.RELEASE]
	at org.springframework.boot.SpringApplication.callRunners(SpringApplication.java:765) ~[spring-boot-2.1.9.RELEASE.jar:2.1.9.RELEASE]
	at org.springframework.boot.SpringApplication.run(SpringApplication.java:319) ~[spring-boot-2.1.9.RELEASE.jar:2.1.9.RELEASE]
	at org.springframework.boot.test.context.SpringBootContextLoader.loadContext(SpringBootContextLoader.java:120) ~[spring-boot-test-2.1.9.RELEASE.jar:2.1.9.RELEASE]
	at org.springframework.test.context.cache.DefaultCacheAwareContextLoaderDelegate.loadContextInternal(DefaultCacheAwareContextLoaderDelegate.java:99) ~[spring-test-5.1.10.RELEASE.jar:5.1.10.RELEASE]
	at org.springframework.test.context.cache.DefaultCacheAwareContextLoaderDelegate.loadContext(DefaultCacheAwareContextLoaderDelegate.java:117) ~[spring-test-5.1.10.RELEASE.jar:5.1.10.RELEASE]
	at org.springframework.test.context.support.DefaultTestContext.getApplicationContext(DefaultTestContext.java:108) ~[spring-test-5.1.10.RELEASE.jar:5.1.10.RELEASE]
	at org.springframework.test.context.web.ServletTestExecutionListener.setUpRequestContextIfNecessary(ServletTestExecutionListener.java:190) ~[spring-test-5.1.10.RELEASE.jar:5.1.10.RELEASE]
	at org.springframework.test.context.web.ServletTestExecutionListener.prepareTestInstance(ServletTestExecutionListener.java:132) ~[spring-test-5.1.10.RELEASE.jar:5.1.10.RELEASE]
	at org.springframework.test.context.TestContextManager.prepareTestInstance(TestContextManager.java:246) ~[spring-test-5.1.10.RELEASE.jar:5.1.10.RELEASE]
	at org.springframework.test.context.junit4.SpringJUnit4ClassRunner.createTest(SpringJUnit4ClassRunner.java:227) ~[spring-test-5.1.10.RELEASE.jar:5.1.10.RELEASE]
	at org.springframework.test.context.junit4.SpringJUnit4ClassRunner$1.runReflectiveCall(SpringJUnit4ClassRunner.java:289) ~[spring-test-5.1.10.RELEASE.jar:5.1.10.RELEASE]
	at org.junit.internal.runners.model.ReflectiveCallable.run(ReflectiveCallable.java:12) ~[junit-4.12.jar:4.12]
	at org.springframework.test.context.junit4.SpringJUnit4ClassRunner.methodBlock(SpringJUnit4ClassRunner.java:291) ~[spring-test-5.1.10.RELEASE.jar:5.1.10.RELEASE]
	at org.springframework.test.context.junit4.SpringJUnit4ClassRunner.runChild(SpringJUnit4ClassRunner.java:246) ~[spring-test-5.1.10.RELEASE.jar:5.1.10.RELEASE]
	at org.springframework.test.context.junit4.SpringJUnit4ClassRunner.runChild(SpringJUnit4ClassRunner.java:97) ~[spring-test-5.1.10.RELEASE.jar:5.1.10.RELEASE]
	at org.junit.runners.ParentRunner$3.run(ParentRunner.java:290) ~[junit-4.12.jar:4.12]
	at org.junit.runners.ParentRunner$1.schedule(ParentRunner.java:71) ~[junit-4.12.jar:4.12]
	at org.junit.runners.ParentRunner.runChildren(ParentRunner.java:288) ~[junit-4.12.jar:4.12]
	at org.junit.runners.ParentRunner.access$000(ParentRunner.java:58) ~[junit-4.12.jar:4.12]
	at org.junit.runners.ParentRunner$2.evaluate(ParentRunner.java:268) ~[junit-4.12.jar:4.12]
	at org.springframework.test.context.junit4.statements.RunBeforeTestClassCallbacks.evaluate(RunBeforeTestClassCallbacks.java:61) ~[spring-test-5.1.10.RELEASE.jar:5.1.10.RELEASE]
	at org.springframework.test.context.junit4.statements.RunAfterTestClassCallbacks.evaluate(RunAfterTestClassCallbacks.java:70) ~[spring-test-5.1.10.RELEASE.jar:5.1.10.RELEASE]
	at org.junit.runners.ParentRunner.run(ParentRunner.java:363) ~[junit-4.12.jar:4.12]
	at org.springframework.test.context.junit4.SpringJUnit4ClassRunner.run(SpringJUnit4ClassRunner.java:190) ~[spring-test-5.1.10.RELEASE.jar:5.1.10.RELEASE]
	at org.apache.maven.surefire.junit4.JUnit4Provider.execute(JUnit4Provider.java:365) ~[surefire-junit4-2.22.2.jar:2.22.2]
	at org.apache.maven.surefire.junit4.JUnit4Provider.executeWithRerun(JUnit4Provider.java:273) ~[surefire-junit4-2.22.2.jar:2.22.2]
	at org.apache.maven.surefire.junit4.JUnit4Provider.executeTestSet(JUnit4Provider.java:238) ~[surefire-junit4-2.22.2.jar:2.22.2]
	at org.apache.maven.surefire.junit4.JUnit4Provider.invoke(JUnit4Provider.java:159) ~[surefire-junit4-2.22.2.jar:2.22.2]
	at org.apache.maven.surefire.booter.ForkedBooter.invokeProviderInSameClassLoader(ForkedBooter.java:384) ~[surefire-booter-2.22.2.jar:2.22.2]
	at org.apache.maven.surefire.booter.ForkedBooter.runSuitesInProcess(ForkedBooter.java:345) ~[surefire-booter-2.22.2.jar:2.22.2]
	at org.apache.maven.surefire.booter.ForkedBooter.execute(ForkedBooter.java:126) ~[surefire-booter-2.22.2.jar:2.22.2]
	at org.apache.maven.surefire.booter.ForkedBooter.main(ForkedBooter.java:418) ~[surefire-booter-2.22.2.jar:2.22.2]
Caused by: org.springframework.dao.DuplicateKeyException: E11000 duplicate key error collection: mixology-mongodb.role index: users.firstName dup key: { : null }; nested exception is com.mongodb.MongoWriteException: E11000 duplicate key error collection: mixology-mongodb.role index: users.firstName dup key: { : null }
	at org.springframework.data.mongodb.core.MongoExceptionTranslator.translateExceptionIfPossible(MongoExceptionTranslator.java:101) ~[spring-data-mongodb-2.1.11.RELEASE.jar:2.1.11.RELEASE]
	at org.springframework.data.mongodb.core.MongoTemplate.potentiallyConvertRuntimeException(MongoTemplate.java:2793) ~[spring-data-mongodb-2.1.11.RELEASE.jar:2.1.11.RELEASE]
	at org.springframework.data.mongodb.core.MongoTemplate.execute(MongoTemplate.java:546) ~[spring-data-mongodb-2.1.11.RELEASE.jar:2.1.11.RELEASE]
	at org.springframework.data.mongodb.core.MongoTemplate.insertDocument(MongoTemplate.java:1437) ~[spring-data-mongodb-2.1.11.RELEASE.jar:2.1.11.RELEASE]
	at org.springframework.data.mongodb.core.MongoTemplate.doInsert(MongoTemplate.java:1247) ~[spring-data-mongodb-2.1.11.RELEASE.jar:2.1.11.RELEASE]
	at org.springframework.data.mongodb.core.MongoTemplate.insert(MongoTemplate.java:1181) ~[spring-data-mongodb-2.1.11.RELEASE.jar:2.1.11.RELEASE]
	at org.springframework.data.mongodb.repository.support.SimpleMongoRepository.save(SimpleMongoRepository.java:81) ~[spring-data-mongodb-2.1.11.RELEASE.jar:2.1.11.RELEASE]
	at java.base/jdk.internal.reflect.NativeMethodAccessorImpl.invoke0(Native Method) ~[na:na]
	at java.base/jdk.internal.reflect.NativeMethodAccessorImpl.invoke(NativeMethodAccessorImpl.java:62) ~[na:na]
	at java.base/jdk.internal.reflect.DelegatingMethodAccessorImpl.invoke(DelegatingMethodAccessorImpl.java:43) ~[na:na]
	at java.base/java.lang.reflect.Method.invoke(Method.java:566) ~[na:na]
	at org.springframework.data.repository.core.support.RepositoryComposition$RepositoryFragments.invoke(RepositoryComposition.java:359) ~[spring-data-commons-2.1.11.RELEASE.jar:2.1.11.RELEASE]
	at org.springframework.data.repository.core.support.RepositoryComposition.invoke(RepositoryComposition.java:200) ~[spring-data-commons-2.1.11.RELEASE.jar:2.1.11.RELEASE]
	at org.springframework.data.repository.core.support.RepositoryFactorySupport$ImplementationMethodExecutionInterceptor.invoke(RepositoryFactorySupport.java:644) ~[spring-data-commons-2.1.11.RELEASE.jar:2.1.11.RELEASE]
	at org.springframework.aop.framework.ReflectiveMethodInvocation.proceed(ReflectiveMethodInvocation.java:186) ~[spring-aop-5.1.10.RELEASE.jar:5.1.10.RELEASE]
	at org.springframework.data.repository.core.support.RepositoryFactorySupport$QueryExecutorMethodInterceptor.doInvoke(RepositoryFactorySupport.java:608) ~[spring-data-commons-2.1.11.RELEASE.jar:2.1.11.RELEASE]
	at org.springframework.data.repository.core.support.RepositoryFactorySupport$QueryExecutorMethodInterceptor.lambda$invoke$3(RepositoryFactorySupport.java:595) ~[spring-data-commons-2.1.11.RELEASE.jar:2.1.11.RELEASE]
	at org.springframework.data.repository.core.support.RepositoryFactorySupport$QueryExecutorMethodInterceptor.invoke(RepositoryFactorySupport.java:595) ~[spring-data-commons-2.1.11.RELEASE.jar:2.1.11.RELEASE]
	at org.springframework.aop.framework.ReflectiveMethodInvocation.proceed(ReflectiveMethodInvocation.java:186) ~[spring-aop-5.1.10.RELEASE.jar:5.1.10.RELEASE]
	at org.springframework.data.projection.DefaultMethodInvokingMethodInterceptor.invoke(DefaultMethodInvokingMethodInterceptor.java:59) ~[spring-data-commons-2.1.11.RELEASE.jar:2.1.11.RELEASE]
	at org.springframework.aop.framework.ReflectiveMethodInvocation.proceed(ReflectiveMethodInvocation.java:186) ~[spring-aop-5.1.10.RELEASE.jar:5.1.10.RELEASE]
	at org.springframework.aop.interceptor.ExposeInvocationInterceptor.invoke(ExposeInvocationInterceptor.java:93) ~[spring-aop-5.1.10.RELEASE.jar:5.1.10.RELEASE]
	at org.springframework.aop.framework.ReflectiveMethodInvocation.proceed(ReflectiveMethodInvocation.java:186) ~[spring-aop-5.1.10.RELEASE.jar:5.1.10.RELEASE]
	at org.springframework.data.repository.core.support.SurroundingTransactionDetectorMethodInterceptor.invoke(SurroundingTransactionDetectorMethodInterceptor.java:61) ~[spring-data-commons-2.1.11.RELEASE.jar:2.1.11.RELEASE]
	at org.springframework.aop.framework.ReflectiveMethodInvocation.proceed(ReflectiveMethodInvocation.java:186) ~[spring-aop-5.1.10.RELEASE.jar:5.1.10.RELEASE]
	at org.springframework.aop.framework.JdkDynamicAopProxy.invoke(JdkDynamicAopProxy.java:212) ~[spring-aop-5.1.10.RELEASE.jar:5.1.10.RELEASE]
	at com.sun.proxy.$Proxy86.save(Unknown Source) ~[na:na]
	at java.base/jdk.internal.reflect.NativeMethodAccessorImpl.invoke0(Native Method) ~[na:na]
	at java.base/jdk.internal.reflect.NativeMethodAccessorImpl.invoke(NativeMethodAccessorImpl.java:62) ~[na:na]
	at java.base/jdk.internal.reflect.DelegatingMethodAccessorImpl.invoke(DelegatingMethodAccessorImpl.java:43) ~[na:na]
	at java.base/java.lang.reflect.Method.invoke(Method.java:566) ~[na:na]
	at org.springframework.aop.support.AopUtils.invokeJoinpointUsingReflection(AopUtils.java:343) ~[spring-aop-5.1.10.RELEASE.jar:5.1.10.RELEASE]
	at org.springframework.aop.framework.ReflectiveMethodInvocation.invokeJoinpoint(ReflectiveMethodInvocation.java:198) ~[spring-aop-5.1.10.RELEASE.jar:5.1.10.RELEASE]
	at org.springframework.aop.framework.ReflectiveMethodInvocation.proceed(ReflectiveMethodInvocation.java:163) ~[spring-aop-5.1.10.RELEASE.jar:5.1.10.RELEASE]
	at org.springframework.dao.support.PersistenceExceptionTranslationInterceptor.invoke(PersistenceExceptionTranslationInterceptor.java:139) ~[spring-tx-5.1.10.RELEASE.jar:5.1.10.RELEASE]
	at org.springframework.aop.framework.ReflectiveMethodInvocation.proceed(ReflectiveMethodInvocation.java:186) ~[spring-aop-5.1.10.RELEASE.jar:5.1.10.RELEASE]
	at org.springframework.aop.framework.JdkDynamicAopProxy.invoke(JdkDynamicAopProxy.java:212) ~[spring-aop-5.1.10.RELEASE.jar:5.1.10.RELEASE]
	at com.sun.proxy.$Proxy86.save(Unknown Source) ~[na:na]
	at com.maroon.mixology.MixologyApplication.lambda$init$0(MixologyApplication.java:29) ~[classes/:na]
	at org.springframework.boot.SpringApplication.callRunner(SpringApplication.java:781) ~[spring-boot-2.1.9.RELEASE.jar:2.1.9.RELEASE]
	... 32 common frames omitted
Caused by: com.mongodb.MongoWriteException: E11000 duplicate key error collection: mixology-mongodb.role index: users.firstName dup key: { : null }
	at com.mongodb.client.internal.MongoCollectionImpl.executeSingleWriteRequest(MongoCollectionImpl.java:967) ~[mongodb-driver-3.8.2.jar:na]
	at com.mongodb.client.internal.MongoCollectionImpl.executeInsertOne(MongoCollectionImpl.java:494) ~[mongodb-driver-3.8.2.jar:na]
	at com.mongodb.client.internal.MongoCollectionImpl.insertOne(MongoCollectionImpl.java:478) ~[mongodb-driver-3.8.2.jar:na]
	at com.mongodb.client.internal.MongoCollectionImpl.insertOne(MongoCollectionImpl.java:472) ~[mongodb-driver-3.8.2.jar:na]
	at org.springframework.data.mongodb.core.MongoTemplate$6.doInCollection(MongoTemplate.java:1444) ~[spring-data-mongodb-2.1.11.RELEASE.jar:2.1.11.RELEASE]
	at org.springframework.data.mongodb.core.MongoTemplate.execute(MongoTemplate.java:544) ~[spring-data-mongodb-2.1.11.RELEASE.jar:2.1.11.RELEASE]
	... 69 common frames omitted

2019-10-20 13:02:07.499  INFO 13482 --- [           main] o.s.s.concurrent.ThreadPoolTaskExecutor  : Shutting down ExecutorService 'applicationTaskExecutor'
2019-10-20 13:02:07.502  INFO 13482 --- [           main] org.mongodb.driver.connection            : Closed connection [connectionId{localValue:2, serverValue:96}] to localhost:27017 because the pool has been closed.
2019-10-20 13:02:07.508 ERROR 13482 --- [           main] o.s.test.context.TestContextManager      : Caught exception while allowing TestExecutionListener [org.springframework.test.context.web.ServletTestExecutionListener@957e06] to prepare test instance [com.maroon.mixology.MixologyApplicationTests@56ec6960]

java.lang.IllegalStateException: Failed to load ApplicationContext
	at org.springframework.test.context.cache.DefaultCacheAwareContextLoaderDelegate.loadContext(DefaultCacheAwareContextLoaderDelegate.java:125) ~[spring-test-5.1.10.RELEASE.jar:5.1.10.RELEASE]
	at org.springframework.test.context.support.DefaultTestContext.getApplicationContext(DefaultTestContext.java:108) ~[spring-test-5.1.10.RELEASE.jar:5.1.10.RELEASE]
	at org.springframework.test.context.web.ServletTestExecutionListener.setUpRequestContextIfNecessary(ServletTestExecutionListener.java:190) ~[spring-test-5.1.10.RELEASE.jar:5.1.10.RELEASE]
	at org.springframework.test.context.web.ServletTestExecutionListener.prepareTestInstance(ServletTestExecutionListener.java:132) ~[spring-test-5.1.10.RELEASE.jar:5.1.10.RELEASE]
	at org.springframework.test.context.TestContextManager.prepareTestInstance(TestContextManager.java:246) ~[spring-test-5.1.10.RELEASE.jar:5.1.10.RELEASE]
	at org.springframework.test.context.junit4.SpringJUnit4ClassRunner.createTest(SpringJUnit4ClassRunner.java:227) ~[spring-test-5.1.10.RELEASE.jar:5.1.10.RELEASE]
	at org.springframework.test.context.junit4.SpringJUnit4ClassRunner$1.runReflectiveCall(SpringJUnit4ClassRunner.java:289) ~[spring-test-5.1.10.RELEASE.jar:5.1.10.RELEASE]
	at org.junit.internal.runners.model.ReflectiveCallable.run(ReflectiveCallable.java:12) ~[junit-4.12.jar:4.12]
	at org.springframework.test.context.junit4.SpringJUnit4ClassRunner.methodBlock(SpringJUnit4ClassRunner.java:291) ~[spring-test-5.1.10.RELEASE.jar:5.1.10.RELEASE]
	at org.springframework.test.context.junit4.SpringJUnit4ClassRunner.runChild(SpringJUnit4ClassRunner.java:246) ~[spring-test-5.1.10.RELEASE.jar:5.1.10.RELEASE]
	at org.springframework.test.context.junit4.SpringJUnit4ClassRunner.runChild(SpringJUnit4ClassRunner.java:97) ~[spring-test-5.1.10.RELEASE.jar:5.1.10.RELEASE]
	at org.junit.runners.ParentRunner$3.run(ParentRunner.java:290) ~[junit-4.12.jar:4.12]
	at org.junit.runners.ParentRunner$1.schedule(ParentRunner.java:71) ~[junit-4.12.jar:4.12]
	at org.junit.runners.ParentRunner.runChildren(ParentRunner.java:288) ~[junit-4.12.jar:4.12]
	at org.junit.runners.ParentRunner.access$000(ParentRunner.java:58) ~[junit-4.12.jar:4.12]
	at org.junit.runners.ParentRunner$2.evaluate(ParentRunner.java:268) ~[junit-4.12.jar:4.12]
	at org.springframework.test.context.junit4.statements.RunBeforeTestClassCallbacks.evaluate(RunBeforeTestClassCallbacks.java:61) ~[spring-test-5.1.10.RELEASE.jar:5.1.10.RELEASE]
	at org.springframework.test.context.junit4.statements.RunAfterTestClassCallbacks.evaluate(RunAfterTestClassCallbacks.java:70) ~[spring-test-5.1.10.RELEASE.jar:5.1.10.RELEASE]
	at org.junit.runners.ParentRunner.run(ParentRunner.java:363) ~[junit-4.12.jar:4.12]
	at org.springframework.test.context.junit4.SpringJUnit4ClassRunner.run(SpringJUnit4ClassRunner.java:190) ~[spring-test-5.1.10.RELEASE.jar:5.1.10.RELEASE]
	at org.apache.maven.surefire.junit4.JUnit4Provider.execute(JUnit4Provider.java:365) ~[surefire-junit4-2.22.2.jar:2.22.2]
	at org.apache.maven.surefire.junit4.JUnit4Provider.executeWithRerun(JUnit4Provider.java:273) ~[surefire-junit4-2.22.2.jar:2.22.2]
	at org.apache.maven.surefire.junit4.JUnit4Provider.executeTestSet(JUnit4Provider.java:238) ~[surefire-junit4-2.22.2.jar:2.22.2]
	at org.apache.maven.surefire.junit4.JUnit4Provider.invoke(JUnit4Provider.java:159) ~[surefire-junit4-2.22.2.jar:2.22.2]
	at org.apache.maven.surefire.booter.ForkedBooter.invokeProviderInSameClassLoader(ForkedBooter.java:384) ~[surefire-booter-2.22.2.jar:2.22.2]
	at org.apache.maven.surefire.booter.ForkedBooter.runSuitesInProcess(ForkedBooter.java:345) ~[surefire-booter-2.22.2.jar:2.22.2]
	at org.apache.maven.surefire.booter.ForkedBooter.execute(ForkedBooter.java:126) ~[surefire-booter-2.22.2.jar:2.22.2]
	at org.apache.maven.surefire.booter.ForkedBooter.main(ForkedBooter.java:418) ~[surefire-booter-2.22.2.jar:2.22.2]
Caused by: java.lang.IllegalStateException: Failed to execute CommandLineRunner
	at org.springframework.boot.SpringApplication.callRunner(SpringApplication.java:784) ~[spring-boot-2.1.9.RELEASE.jar:2.1.9.RELEASE]
	at org.springframework.boot.SpringApplication.callRunners(SpringApplication.java:765) ~[spring-boot-2.1.9.RELEASE.jar:2.1.9.RELEASE]
	at org.springframework.boot.SpringApplication.run(SpringApplication.java:319) ~[spring-boot-2.1.9.RELEASE.jar:2.1.9.RELEASE]
	at org.springframework.boot.test.context.SpringBootContextLoader.loadContext(SpringBootContextLoader.java:120) ~[spring-boot-test-2.1.9.RELEASE.jar:2.1.9.RELEASE]
	at org.springframework.test.context.cache.DefaultCacheAwareContextLoaderDelegate.loadContextInternal(DefaultCacheAwareContextLoaderDelegate.java:99) ~[spring-test-5.1.10.RELEASE.jar:5.1.10.RELEASE]
	at org.springframework.test.context.cache.DefaultCacheAwareContextLoaderDelegate.loadContext(DefaultCacheAwareContextLoaderDelegate.java:117) ~[spring-test-5.1.10.RELEASE.jar:5.1.10.RELEASE]
	... 27 common frames omitted
Caused by: org.springframework.dao.DuplicateKeyException: E11000 duplicate key error collection: mixology-mongodb.role index: users.firstName dup key: { : null }; nested exception is com.mongodb.MongoWriteException: E11000 duplicate key error collection: mixology-mongodb.role index: users.firstName dup key: { : null }
	at org.springframework.data.mongodb.core.MongoExceptionTranslator.translateExceptionIfPossible(MongoExceptionTranslator.java:101) ~[spring-data-mongodb-2.1.11.RELEASE.jar:2.1.11.RELEASE]
	at org.springframework.data.mongodb.core.MongoTemplate.potentiallyConvertRuntimeException(MongoTemplate.java:2793) ~[spring-data-mongodb-2.1.11.RELEASE.jar:2.1.11.RELEASE]
	at org.springframework.data.mongodb.core.MongoTemplate.execute(MongoTemplate.java:546) ~[spring-data-mongodb-2.1.11.RELEASE.jar:2.1.11.RELEASE]
	at org.springframework.data.mongodb.core.MongoTemplate.insertDocument(MongoTemplate.java:1437) ~[spring-data-mongodb-2.1.11.RELEASE.jar:2.1.11.RELEASE]
	at org.springframework.data.mongodb.core.MongoTemplate.doInsert(MongoTemplate.java:1247) ~[spring-data-mongodb-2.1.11.RELEASE.jar:2.1.11.RELEASE]
	at org.springframework.data.mongodb.core.MongoTemplate.insert(MongoTemplate.java:1181) ~[spring-data-mongodb-2.1.11.RELEASE.jar:2.1.11.RELEASE]
	at org.springframework.data.mongodb.repository.support.SimpleMongoRepository.save(SimpleMongoRepository.java:81) ~[spring-data-mongodb-2.1.11.RELEASE.jar:2.1.11.RELEASE]
	at java.base/jdk.internal.reflect.NativeMethodAccessorImpl.invoke0(Native Method) ~[na:na]
	at java.base/jdk.internal.reflect.NativeMethodAccessorImpl.invoke(NativeMethodAccessorImpl.java:62) ~[na:na]
	at java.base/jdk.internal.reflect.DelegatingMethodAccessorImpl.invoke(DelegatingMethodAccessorImpl.java:43) ~[na:na]
	at java.base/java.lang.reflect.Method.invoke(Method.java:566) ~[na:na]
	at org.springframework.data.repository.core.support.RepositoryComposition$RepositoryFragments.invoke(RepositoryComposition.java:359) ~[spring-data-commons-2.1.11.RELEASE.jar:2.1.11.RELEASE]
	at org.springframework.data.repository.core.support.RepositoryComposition.invoke(RepositoryComposition.java:200) ~[spring-data-commons-2.1.11.RELEASE.jar:2.1.11.RELEASE]
	at org.springframework.data.repository.core.support.RepositoryFactorySupport$ImplementationMethodExecutionInterceptor.invoke(RepositoryFactorySupport.java:644) ~[spring-data-commons-2.1.11.RELEASE.jar:2.1.11.RELEASE]
	at org.springframework.aop.framework.ReflectiveMethodInvocation.proceed(ReflectiveMethodInvocation.java:186) ~[spring-aop-5.1.10.RELEASE.jar:5.1.10.RELEASE]
	at org.springframework.data.repository.core.support.RepositoryFactorySupport$QueryExecutorMethodInterceptor.doInvoke(RepositoryFactorySupport.java:608) ~[spring-data-commons-2.1.11.RELEASE.jar:2.1.11.RELEASE]
	at org.springframework.data.repository.core.support.RepositoryFactorySupport$QueryExecutorMethodInterceptor.lambda$invoke$3(RepositoryFactorySupport.java:595) ~[spring-data-commons-2.1.11.RELEASE.jar:2.1.11.RELEASE]
	at org.springframework.data.repository.core.support.RepositoryFactorySupport$QueryExecutorMethodInterceptor.invoke(RepositoryFactorySupport.java:595) ~[spring-data-commons-2.1.11.RELEASE.jar:2.1.11.RELEASE]
	at org.springframework.aop.framework.ReflectiveMethodInvocation.proceed(ReflectiveMethodInvocation.java:186) ~[spring-aop-5.1.10.RELEASE.jar:5.1.10.RELEASE]
	at org.springframework.data.projection.DefaultMethodInvokingMethodInterceptor.invoke(DefaultMethodInvokingMethodInterceptor.java:59) ~[spring-data-commons-2.1.11.RELEASE.jar:2.1.11.RELEASE]
	at org.springframework.aop.framework.ReflectiveMethodInvocation.proceed(ReflectiveMethodInvocation.java:186) ~[spring-aop-5.1.10.RELEASE.jar:5.1.10.RELEASE]
	at org.springframework.aop.interceptor.ExposeInvocationInterceptor.invoke(ExposeInvocationInterceptor.java:93) ~[spring-aop-5.1.10.RELEASE.jar:5.1.10.RELEASE]
	at org.springframework.aop.framework.ReflectiveMethodInvocation.proceed(ReflectiveMethodInvocation.java:186) ~[spring-aop-5.1.10.RELEASE.jar:5.1.10.RELEASE]
	at org.springframework.data.repository.core.support.SurroundingTransactionDetectorMethodInterceptor.invoke(SurroundingTransactionDetectorMethodInterceptor.java:61) ~[spring-data-commons-2.1.11.RELEASE.jar:2.1.11.RELEASE]
	at org.springframework.aop.framework.ReflectiveMethodInvocation.proceed(ReflectiveMethodInvocation.java:186) ~[spring-aop-5.1.10.RELEASE.jar:5.1.10.RELEASE]
	at org.springframework.aop.framework.JdkDynamicAopProxy.invoke(JdkDynamicAopProxy.java:212) ~[spring-aop-5.1.10.RELEASE.jar:5.1.10.RELEASE]
	at com.sun.proxy.$Proxy86.save(Unknown Source) ~[na:na]
	at java.base/jdk.internal.reflect.NativeMethodAccessorImpl.invoke0(Native Method) ~[na:na]
	at java.base/jdk.internal.reflect.NativeMethodAccessorImpl.invoke(NativeMethodAccessorImpl.java:62) ~[na:na]
	at java.base/jdk.internal.reflect.DelegatingMethodAccessorImpl.invoke(DelegatingMethodAccessorImpl.java:43) ~[na:na]
	at java.base/java.lang.reflect.Method.invoke(Method.java:566) ~[na:na]
	at org.springframework.aop.support.AopUtils.invokeJoinpointUsingReflection(AopUtils.java:343) ~[spring-aop-5.1.10.RELEASE.jar:5.1.10.RELEASE]
	at org.springframework.aop.framework.ReflectiveMethodInvocation.invokeJoinpoint(ReflectiveMethodInvocation.java:198) ~[spring-aop-5.1.10.RELEASE.jar:5.1.10.RELEASE]
	at org.springframework.aop.framework.ReflectiveMethodInvocation.proceed(ReflectiveMethodInvocation.java:163) ~[spring-aop-5.1.10.RELEASE.jar:5.1.10.RELEASE]
	at org.springframework.dao.support.PersistenceExceptionTranslationInterceptor.invoke(PersistenceExceptionTranslationInterceptor.java:139) ~[spring-tx-5.1.10.RELEASE.jar:5.1.10.RELEASE]
	at org.springframework.aop.framework.ReflectiveMethodInvocation.proceed(ReflectiveMethodInvocation.java:186) ~[spring-aop-5.1.10.RELEASE.jar:5.1.10.RELEASE]
	at org.springframework.aop.framework.JdkDynamicAopProxy.invoke(JdkDynamicAopProxy.java:212) ~[spring-aop-5.1.10.RELEASE.jar:5.1.10.RELEASE]
	at com.sun.proxy.$Proxy86.save(Unknown Source) ~[na:na]
	at com.maroon.mixology.MixologyApplication.lambda$init$0(MixologyApplication.java:29) ~[classes/:na]
	at org.springframework.boot.SpringApplication.callRunner(SpringApplication.java:781) ~[spring-boot-2.1.9.RELEASE.jar:2.1.9.RELEASE]
	... 32 common frames omitted
Caused by: com.mongodb.MongoWriteException: E11000 duplicate key error collection: mixology-mongodb.role index: users.firstName dup key: { : null }
	at com.mongodb.client.internal.MongoCollectionImpl.executeSingleWriteRequest(MongoCollectionImpl.java:967) ~[mongodb-driver-3.8.2.jar:na]
	at com.mongodb.client.internal.MongoCollectionImpl.executeInsertOne(MongoCollectionImpl.java:494) ~[mongodb-driver-3.8.2.jar:na]
	at com.mongodb.client.internal.MongoCollectionImpl.insertOne(MongoCollectionImpl.java:478) ~[mongodb-driver-3.8.2.jar:na]
	at com.mongodb.client.internal.MongoCollectionImpl.insertOne(MongoCollectionImpl.java:472) ~[mongodb-driver-3.8.2.jar:na]
	at org.springframework.data.mongodb.core.MongoTemplate$6.doInCollection(MongoTemplate.java:1444) ~[spring-data-mongodb-2.1.11.RELEASE.jar:2.1.11.RELEASE]
	at org.springframework.data.mongodb.core.MongoTemplate.execute(MongoTemplate.java:544) ~[spring-data-mongodb-2.1.11.RELEASE.jar:2.1.11.RELEASE]
	... 69 common frames omitted

]]></system-out>
  </testcase>
</testsuite>